2026-06-09T19:27:45.2187281-05:00 [INFO] Starting VisionClaw API Gateway server...
2026-06-09T19:27:45.2332538-05:00 [INFO] Loading env configurations from D:\Meta\.env...
2026-06-09T19:27:45.2463278-05:00 [INFO] Auto-configuring OpenClaw settings...
2026-06-09T19:27:45.3305320-05:00 [INFO] Checking for port conflicts on gateway port 18789...
2026-06-09T19:27:49.2288795-05:00 [WARN] Port 18789 is occupied but health check failed. Terminating occupying process...
2026-06-09T19:27:50.2430115-05:00 [INFO] Checking for port conflicts on dashboard port 18790...
2026-06-09T19:27:50.2573737-05:00 [WARN] Port 18790 is occupied. Terminating occupying process...
2026-06-09T19:27:51.2680943-05:00 [INFO] Starting background gateway process...
2026-06-09T19:27:54.3168859-05:00 [INFO] OpenClaw Gateway successfully started (PID: 34768). Log: D:\Meta\_handoff\OPENCLAW_GATEWAY.log
2026-06-09T19:27:54.3186365-05:00 [INFO] Starting backend Node.js server (server.js)...
2026-06-09T19:27:56.3371124-05:00 [INFO] Dashboard Server active at: http://localhost:18790
2026-06-09T19:27:56.3387716-05:00 [INFO] Opening Dashboard in default web browser...
2026-06-09T19:27:58.3986488-05:00 [WARN] Node.js Server is unresponsive or stopped. Attempting recovery...
2026-06-09T19:28:01.4371890-05:00 [INFO] Node.js Server restarted.
2026-06-09T19:28:13.1001015-05:00 [WARN] Node.js Server is unresponsive or stopped. Attempting recovery...
2026-06-09T19:28:16.1347345-05:00 [INFO] Node.js Server restarted.
2026-06-09T19:28:27.2161169-05:00 [WARN] Node.js Server is unresponsive or stopped. Attempting recovery...
2026-06-09T19:28:30.2505131-05:00 [INFO] Node.js Server restarted.
2026-06-09T19:28:41.2272656-05:00 [WARN] Node.js Server is unresponsive or stopped. Attempting recovery...
2026-06-09T19:28:44.2638406-05:00 [INFO] Node.js Server restarted.
2026-06-09T19:28:55.3186131-05:00 [WARN] Node.js Server is unresponsive or stopped. Attempting recovery...
2026-06-09T19:28:58.3516149-05:00 [INFO] Node.js Server restarted.
2026-06-09T19:29:09.4115253-05:00 [WARN] Node.js Server is unresponsive or stopped. Attempting recovery...
2026-06-09T19:29:12.4514159-05:00 [INFO] Node.js Server restarted.
2026-06-09T19:29:23.4519753-05:00 [WARN] Node.js Server is unresponsive or stopped. Attempting recovery...
2026-06-09T19:29:26.4860290-05:00 [INFO] Node.js Server restarted.
2026-06-09T19:29:37.5416743-05:00 [WARN] Node.js Server is unresponsive or stopped. Attempting recovery...
2026-06-09T19:29:40.6148845-05:00 [INFO] Node.js Server restarted.
2026-06-09T19:29:51.7412142-05:00 [WARN] Node.js Server is unresponsive or stopped. Attempting recovery...
2026-06-09T19:29:54.7753400-05:00 [INFO] Node.js Server restarted.
2026-06-09T19:30:05.8219869-05:00 [WARN] Node.js Server is unresponsive or stopped. Attempting recovery...
2026-06-09T19:30:08.8669814-05:00 [INFO] Node.js Server restarted.
2026-06-09T19:30:20.2139872-05:00 [WARN] Node.js Server is unresponsive or stopped. Attempting recovery...
2026-06-09T19:30:23.2449896-05:00 [INFO] Node.js Server restarted.
2026-06-09T19:30:34.3018530-05:00 [WARN] Node.js Server is unresponsive or stopped. Attempting recovery...
2026-06-09T19:30:37.3488522-05:00 [INFO] Node.js Server restarted.
2026-06-09T19:30:40.2581765-05:00 [INFO] Pipeline integration test job execution completed successfully.
